2016-06-08 13:02:59,460 [INFO] from play.core.server.NettyServer in pool-4-thread-2 - Listening for HTTP on /0:0:0:0:0:0:0:0:9000
2016-06-08 13:03:45,447 [WARN] from application in ForkJoinPool-1-worker-1 - Logger configuration in conf files is deprecated and has no effect. Use a logback configuration file instead.
2016-06-08 13:03:46,882 [WARN] from application in ForkJoinPool-1-worker-1 - application.conf @ file:/C:/Users/ahmedengu/Documents/IdeaProjects/Gara/target/scala-2.11/classes/application.conf: 38: user is deprecated, use username instead
2016-06-08 13:03:46,923 [INFO] from application in ForkJoinPool-1-worker-1 - Creating Pool for datasource 'default'
2016-06-08 13:03:54,809 [INFO] from play.api.db.DefaultDBApi in ForkJoinPool-1-worker-1 - Database [default] connected at jdbc:mysql://209.148.94.217:3306/Gara
2016-06-08 13:03:56,168 [WARN] from application in ForkJoinPool-1-worker-1 - application.langs is deprecated, use play.i18n.langs instead
2016-06-08 13:03:57,234 [INFO] from play.api.Play in ForkJoinPool-1-worker-1 - Application started (Dev)
2016-06-08 13:03:57,468 [WARN] from application in application-akka.actor.default-dispatcher-4 - application.conf @ file:/C:/Users/ahmedengu/Documents/IdeaProjects/Gara/target/scala-2.11/classes/application.conf: 8: application.secret is deprecated, use play.crypto.secret instead
2016-06-08 13:09:15,892 [INFO] from application in application-akka.actor.default-dispatcher-4 - Shutting down connection pool.
2016-06-08 13:09:15,976 [WARN] from application in application-akka.actor.default-dispatcher-4 - Logger configuration in conf files is deprecated and has no effect. Use a logback configuration file instead.
2016-06-08 13:09:16,101 [WARN] from application in application-akka.actor.default-dispatcher-4 - application.conf @ file:/C:/Users/ahmedengu/Documents/IdeaProjects/Gara/target/scala-2.11/classes/application.conf: 38: user is deprecated, use username instead
2016-06-08 13:09:16,101 [INFO] from application in application-akka.actor.default-dispatcher-4 - Creating Pool for datasource 'default'
2016-06-08 13:09:19,003 [INFO] from play.api.db.DefaultDBApi in application-akka.actor.default-dispatcher-4 - Database [default] connected at jdbc:mysql://209.148.94.217:3306/Gara
2016-06-08 13:09:19,094 [WARN] from application in application-akka.actor.default-dispatcher-4 - application.langs is deprecated, use play.i18n.langs instead
2016-06-08 13:09:19,243 [INFO] from play.api.Play in application-akka.actor.default-dispatcher-4 - Application started (Dev)
2016-06-08 13:09:19,263 [WARN] from application in application-akka.actor.default-dispatcher-3 - application.conf @ file:/C:/Users/ahmedengu/Documents/IdeaProjects/Gara/target/scala-2.11/classes/application.conf: 8: application.secret is deprecated, use play.crypto.secret instead
2016-06-08 13:10:36,394 [INFO] from application in application-akka.actor.default-dispatcher-9 - Shutting down connection pool.
2016-06-08 13:10:36,456 [WARN] from application in application-akka.actor.default-dispatcher-9 - Logger configuration in conf files is deprecated and has no effect. Use a logback configuration file instead.
2016-06-08 13:10:36,577 [WARN] from application in application-akka.actor.default-dispatcher-9 - application.conf @ file:/C:/Users/ahmedengu/Documents/IdeaProjects/Gara/target/scala-2.11/classes/application.conf: 38: user is deprecated, use username instead
2016-06-08 13:10:36,580 [INFO] from application in application-akka.actor.default-dispatcher-9 - Creating Pool for datasource 'default'
2016-06-08 13:10:39,512 [INFO] from play.api.db.DefaultDBApi in application-akka.actor.default-dispatcher-9 - Database [default] connected at jdbc:mysql://209.148.94.217:3306/Gara
2016-06-08 13:10:39,583 [WARN] from application in application-akka.actor.default-dispatcher-9 - application.langs is deprecated, use play.i18n.langs instead
2016-06-08 13:10:39,655 [INFO] from play.api.Play in application-akka.actor.default-dispatcher-9 - Application started (Dev)
2016-06-08 13:10:39,674 [WARN] from application in application-akka.actor.default-dispatcher-4 - application.conf @ file:/C:/Users/ahmedengu/Documents/IdeaProjects/Gara/target/scala-2.11/classes/application.conf: 8: application.secret is deprecated, use play.crypto.secret instead
2016-06-08 13:10:55,408 [ERROR] from application in application-akka.actor.default-dispatcher-4 - 

! @70bged2c4 - Internal server error, for (GET) [/university/aast] ->
 
play.api.http.HttpErrorHandlerExceptions$$anon$1: Execution exception[[ClassCastException: models.garaDB.tables.pojos.University cannot be cast to models.garaDB.tables.records.UniversityRecord]]
	at play.api.http.HttpErrorHandlerExceptions$.throwableToUsefulException(HttpErrorHandler.scala:280)
	at play.api.http.DefaultHttpErrorHandler.onServerError(HttpErrorHandler.scala:206)
	at play.api.GlobalSettings$class.onError(GlobalSettings.scala:160)
	at play.api.DefaultGlobal$.onError(GlobalSettings.scala:188)
	at play.api.http.GlobalSettingsHttpErrorHandler.onServerError(HttpErrorHandler.scala:98)
	at play.core.server.netty.PlayRequestHandler$$anonfun$2$$anonfun$apply$1.applyOrElse(PlayRequestHandler.scala:100)
	at play.core.server.netty.PlayRequestHandler$$anonfun$2$$anonfun$apply$1.applyOrElse(PlayRequestHandler.scala:99)
	at scala.concurrent.Future$$anonfun$recoverWith$1.apply(Future.scala:344)
	at scala.concurrent.Future$$anonfun$recoverWith$1.apply(Future.scala:343)
	at scala.concurrent.impl.CallbackRunnable.run(Promise.scala:32)
	at play.api.libs.iteratee.Execution$trampoline$.execute(Execution.scala:70)
	at scala.concurrent.impl.CallbackRunnable.executeWithValue(Promise.scala:40)
	at scala.concurrent.impl.Promise$DefaultPromise.tryComplete(Promise.scala:248)
	at scala.concurrent.impl.Promise$DefaultPromise.link(Promise.scala:304)
	at scala.concurrent.impl.Promise$DefaultPromise.linkRootOf(Promise.scala:289)
	at scala.concurrent.Future$$anonfun$flatMap$1.apply(Future.scala:253)
	at scala.concurrent.Future$$anonfun$flatMap$1.apply(Future.scala:249)
	at scala.concurrent.impl.CallbackRunnable.run(Promise.scala:32)
	at akka.dispatch.BatchingExecutor$AbstractBatch.processBatch(BatchingExecutor.scala:55)
	at akka.dispatch.BatchingExecutor$BlockableBatch$$anonfun$run$1.apply$mcV$sp(BatchingExecutor.scala:91)
	at akka.dispatch.BatchingExecutor$BlockableBatch$$anonfun$run$1.apply(BatchingExecutor.scala:91)
	at akka.dispatch.BatchingExecutor$BlockableBatch$$anonfun$run$1.apply(BatchingExecutor.scala:91)
	at scala.concurrent.BlockContext$.withBlockContext(BlockContext.scala:72)
	at akka.dispatch.BatchingExecutor$BlockableBatch.run(BatchingExecutor.scala:90)
	at akka.dispatch.TaskInvocation.run(AbstractDispatcher.scala:39)
	at akka.dispatch.ForkJoinExecutorConfigurator$AkkaForkJoinTask.exec(AbstractDispatcher.scala:405)
	at scala.concurrent.forkjoin.ForkJoinTask.doExec(ForkJoinTask.java:260)
	at scala.concurrent.forkjoin.ForkJoinPool$WorkQueue.runTask(ForkJoinPool.java:1339)
	at scala.concurrent.forkjoin.ForkJoinPool.runWorker(ForkJoinPool.java:1979)
	at scala.concurrent.forkjoin.ForkJoinWorkerThread.run(ForkJoinWorkerThread.java:107)
Caused by: java.lang.ClassCastException: models.garaDB.tables.pojos.University cannot be cast to models.garaDB.tables.records.UniversityRecord
	at controllers.UniversityPage.home(UniversityPage.java:40)
	at router.Routes$$anonfun$routes$1$$anonfun$applyOrElse$30$$anonfun$apply$30.apply(Routes.scala:803)
	at router.Routes$$anonfun$routes$1$$anonfun$applyOrElse$30$$anonfun$apply$30.apply(Routes.scala:803)
	at play.core.routing.HandlerInvokerFactory$$anon$4.resultCall(HandlerInvoker.scala:157)
	at play.core.routing.HandlerInvokerFactory$$anon$4.resultCall(HandlerInvoker.scala:156)
	at play.core.routing.HandlerInvokerFactory$JavaActionInvokerFactory$$anon$14$$anon$3$$anon$1.invocation(HandlerInvoker.scala:136)
	at play.core.j.JavaAction$$anon$1.call(JavaAction.scala:73)
	at play.http.HttpRequestHandler$1.call(HttpRequestHandler.java:54)
	at play.core.j.JavaAction$$anonfun$7.apply(JavaAction.scala:108)
	at play.core.j.JavaAction$$anonfun$7.apply(JavaAction.scala:108)
	at scala.concurrent.impl.Future$PromiseCompletingRunnable.liftedTree1$1(Future.scala:24)
	at scala.concurrent.impl.Future$PromiseCompletingRunnable.run(Future.scala:24)
	at play.core.j.HttpExecutionContext$$anon$2.run(HttpExecutionContext.scala:56)
	at play.api.libs.iteratee.Execution$trampoline$.execute(Execution.scala:70)
	at play.core.j.HttpExecutionContext.execute(HttpExecutionContext.scala:48)
	at scala.concurrent.impl.Future$.apply(Future.scala:31)
	at scala.concurrent.Future$.apply(Future.scala:492)
	at play.core.j.JavaAction.apply(JavaAction.scala:108)
	at play.api.mvc.Action$$anonfun$apply$2$$anonfun$apply$5$$anonfun$apply$6.apply(Action.scala:112)
	at play.api.mvc.Action$$anonfun$apply$2$$anonfun$apply$5$$anonfun$apply$6.apply(Action.scala:112)
	at play.utils.Threads$.withContextClassLoader(Threads.scala:21)
	at play.api.mvc.Action$$anonfun$apply$2$$anonfun$apply$5.apply(Action.scala:111)
	at play.api.mvc.Action$$anonfun$apply$2$$anonfun$apply$5.apply(Action.scala:110)
	at scala.Option.map(Option.scala:146)
	at play.api.mvc.Action$$anonfun$apply$2.apply(Action.scala:110)
	at play.api.mvc.Action$$anonfun$apply$2.apply(Action.scala:103)
	at scala.concurrent.Future$$anonfun$flatMap$1.apply(Future.scala:251)
	... 14 common frames omitted
2016-06-08 13:11:15,656 [INFO] from application in application-akka.actor.default-dispatcher-5 - Shutting down connection pool.
2016-06-08 13:11:15,962 [WARN] from application in application-akka.actor.default-dispatcher-5 - Logger configuration in conf files is deprecated and has no effect. Use a logback configuration file instead.
2016-06-08 13:11:16,062 [WARN] from application in application-akka.actor.default-dispatcher-5 - application.conf @ file:/C:/Users/ahmedengu/Documents/IdeaProjects/Gara/target/scala-2.11/classes/application.conf: 38: user is deprecated, use username instead
2016-06-08 13:11:16,062 [INFO] from application in application-akka.actor.default-dispatcher-5 - Creating Pool for datasource 'default'
2016-06-08 13:11:18,969 [INFO] from play.api.db.DefaultDBApi in application-akka.actor.default-dispatcher-5 - Database [default] connected at jdbc:mysql://209.148.94.217:3306/Gara
2016-06-08 13:11:19,042 [WARN] from application in application-akka.actor.default-dispatcher-5 - application.langs is deprecated, use play.i18n.langs instead
2016-06-08 13:11:19,135 [INFO] from play.api.Play in application-akka.actor.default-dispatcher-5 - Application started (Dev)
2016-06-08 13:11:19,171 [WARN] from application in application-akka.actor.default-dispatcher-5 - application.conf @ file:/C:/Users/ahmedengu/Documents/IdeaProjects/Gara/target/scala-2.11/classes/application.conf: 8: application.secret is deprecated, use play.crypto.secret instead
2016-06-08 13:11:32,991 [WARN] from play.core.server.netty.NettyModelConversion in application-akka.actor.default-dispatcher-5 - Content-Type set both in header (image/x-icon) and attached to entity (image/x-icon), ignoring content type from entity. To remove this warning, use Result.as(...) to set the content type, rather than setting the header manually.
2016-06-08 13:13:20,991 [INFO] from application in application-akka.actor.default-dispatcher-8 - Shutting down connection pool.
2016-06-08 13:13:21,060 [WARN] from application in application-akka.actor.default-dispatcher-8 - Logger configuration in conf files is deprecated and has no effect. Use a logback configuration file instead.
2016-06-08 13:13:21,148 [WARN] from application in application-akka.actor.default-dispatcher-8 - application.conf @ file:/C:/Users/ahmedengu/Documents/IdeaProjects/Gara/target/scala-2.11/classes/application.conf: 38: user is deprecated, use username instead
2016-06-08 13:13:21,149 [INFO] from application in application-akka.actor.default-dispatcher-8 - Creating Pool for datasource 'default'
2016-06-08 13:13:24,047 [INFO] from play.api.db.DefaultDBApi in application-akka.actor.default-dispatcher-8 - Database [default] connected at jdbc:mysql://209.148.94.217:3306/Gara
2016-06-08 13:13:24,107 [WARN] from application in application-akka.actor.default-dispatcher-8 - application.langs is deprecated, use play.i18n.langs instead
2016-06-08 13:13:24,167 [INFO] from play.api.Play in application-akka.actor.default-dispatcher-8 - Application started (Dev)
2016-06-08 13:13:24,188 [WARN] from application in application-akka.actor.default-dispatcher-8 - application.conf @ file:/C:/Users/ahmedengu/Documents/IdeaProjects/Gara/target/scala-2.11/classes/application.conf: 8: application.secret is deprecated, use play.crypto.secret instead
2016-06-08 13:14:05,478 [ERROR] from application in application-akka.actor.default-dispatcher-2 - 

! @70bgenngj - Internal server error, for (GET) [/university/aast54] ->
 
play.api.http.HttpErrorHandlerExceptions$$anon$1: Execution exception[[IndexOutOfBoundsException: Index: 0, Size: 0]]
	at play.api.http.HttpErrorHandlerExceptions$.throwableToUsefulException(HttpErrorHandler.scala:280)
	at play.api.http.DefaultHttpErrorHandler.onServerError(HttpErrorHandler.scala:206)
	at play.api.GlobalSettings$class.onError(GlobalSettings.scala:160)
	at play.api.DefaultGlobal$.onError(GlobalSettings.scala:188)
	at play.api.http.GlobalSettingsHttpErrorHandler.onServerError(HttpErrorHandler.scala:98)
	at play.core.server.netty.PlayRequestHandler$$anonfun$2$$anonfun$apply$1.applyOrElse(PlayRequestHandler.scala:100)
	at play.core.server.netty.PlayRequestHandler$$anonfun$2$$anonfun$apply$1.applyOrElse(PlayRequestHandler.scala:99)
	at scala.concurrent.Future$$anonfun$recoverWith$1.apply(Future.scala:344)
	at scala.concurrent.Future$$anonfun$recoverWith$1.apply(Future.scala:343)
	at scala.concurrent.impl.CallbackRunnable.run(Promise.scala:32)
	at play.api.libs.iteratee.Execution$trampoline$.execute(Execution.scala:70)
	at scala.concurrent.impl.CallbackRunnable.executeWithValue(Promise.scala:40)
	at scala.concurrent.impl.Promise$DefaultPromise.tryComplete(Promise.scala:248)
	at scala.concurrent.impl.Promise$DefaultPromise.link(Promise.scala:304)
	at scala.concurrent.impl.Promise$DefaultPromise.linkRootOf(Promise.scala:289)
	at scala.concurrent.Future$$anonfun$flatMap$1.apply(Future.scala:253)
	at scala.concurrent.Future$$anonfun$flatMap$1.apply(Future.scala:249)
	at scala.concurrent.impl.CallbackRunnable.run(Promise.scala:32)
	at akka.dispatch.BatchingExecutor$AbstractBatch.processBatch(BatchingExecutor.scala:55)
	at akka.dispatch.BatchingExecutor$BlockableBatch$$anonfun$run$1.apply$mcV$sp(BatchingExecutor.scala:91)
	at akka.dispatch.BatchingExecutor$BlockableBatch$$anonfun$run$1.apply(BatchingExecutor.scala:91)
	at akka.dispatch.BatchingExecutor$BlockableBatch$$anonfun$run$1.apply(BatchingExecutor.scala:91)
	at scala.concurrent.BlockContext$.withBlockContext(BlockContext.scala:72)
	at akka.dispatch.BatchingExecutor$BlockableBatch.run(BatchingExecutor.scala:90)
	at akka.dispatch.TaskInvocation.run(AbstractDispatcher.scala:39)
	at akka.dispatch.ForkJoinExecutorConfigurator$AkkaForkJoinTask.exec(AbstractDispatcher.scala:405)
	at scala.concurrent.forkjoin.ForkJoinTask.doExec(ForkJoinTask.java:260)
	at scala.concurrent.forkjoin.ForkJoinPool$WorkQueue.runTask(ForkJoinPool.java:1339)
	at scala.concurrent.forkjoin.ForkJoinPool.runWorker(ForkJoinPool.java:1979)
	at scala.concurrent.forkjoin.ForkJoinWorkerThread.run(ForkJoinWorkerThread.java:107)
Caused by: java.lang.IndexOutOfBoundsException: Index: 0, Size: 0
	at java.util.ArrayList.rangeCheck(ArrayList.java:653)
	at java.util.ArrayList.get(ArrayList.java:429)
	at controllers.UniversityPage.home(UniversityPage.java:40)
	at router.Routes$$anonfun$routes$1$$anonfun$applyOrElse$30$$anonfun$apply$30.apply(Routes.scala:803)
	at router.Routes$$anonfun$routes$1$$anonfun$applyOrElse$30$$anonfun$apply$30.apply(Routes.scala:803)
	at play.core.routing.HandlerInvokerFactory$$anon$4.resultCall(HandlerInvoker.scala:157)
	at play.core.routing.HandlerInvokerFactory$$anon$4.resultCall(HandlerInvoker.scala:156)
	at play.core.routing.HandlerInvokerFactory$JavaActionInvokerFactory$$anon$14$$anon$3$$anon$1.invocation(HandlerInvoker.scala:136)
	at play.core.j.JavaAction$$anon$1.call(JavaAction.scala:73)
	at play.http.HttpRequestHandler$1.call(HttpRequestHandler.java:54)
	at play.core.j.JavaAction$$anonfun$7.apply(JavaAction.scala:108)
	at play.core.j.JavaAction$$anonfun$7.apply(JavaAction.scala:108)
	at scala.concurrent.impl.Future$PromiseCompletingRunnable.liftedTree1$1(Future.scala:24)
	at scala.concurrent.impl.Future$PromiseCompletingRunnable.run(Future.scala:24)
	at play.core.j.HttpExecutionContext$$anon$2.run(HttpExecutionContext.scala:56)
	at play.api.libs.iteratee.Execution$trampoline$.execute(Execution.scala:70)
	at play.core.j.HttpExecutionContext.execute(HttpExecutionContext.scala:48)
	at scala.concurrent.impl.Future$.apply(Future.scala:31)
	at scala.concurrent.Future$.apply(Future.scala:492)
	at play.core.j.JavaAction.apply(JavaAction.scala:108)
	at play.api.mvc.Action$$anonfun$apply$2$$anonfun$apply$5$$anonfun$apply$6.apply(Action.scala:112)
	at play.api.mvc.Action$$anonfun$apply$2$$anonfun$apply$5$$anonfun$apply$6.apply(Action.scala:112)
	at play.utils.Threads$.withContextClassLoader(Threads.scala:21)
	at play.api.mvc.Action$$anonfun$apply$2$$anonfun$apply$5.apply(Action.scala:111)
	at play.api.mvc.Action$$anonfun$apply$2$$anonfun$apply$5.apply(Action.scala:110)
	at scala.Option.map(Option.scala:146)
	at play.api.mvc.Action$$anonfun$apply$2.apply(Action.scala:110)
	at play.api.mvc.Action$$anonfun$apply$2.apply(Action.scala:103)
	at scala.concurrent.Future$$anonfun$flatMap$1.apply(Future.scala:251)
	... 14 common frames omitted
2016-06-08 13:14:51,935 [INFO] from application in application-akka.actor.default-dispatcher-3 - Shutting down connection pool.
2016-06-08 13:14:52,002 [WARN] from application in application-akka.actor.default-dispatcher-3 - Logger configuration in conf files is deprecated and has no effect. Use a logback configuration file instead.
2016-06-08 13:14:52,072 [WARN] from application in application-akka.actor.default-dispatcher-3 - application.conf @ file:/C:/Users/ahmedengu/Documents/IdeaProjects/Gara/target/scala-2.11/classes/application.conf: 38: user is deprecated, use username instead
2016-06-08 13:14:52,072 [INFO] from application in application-akka.actor.default-dispatcher-3 - Creating Pool for datasource 'default'
2016-06-08 13:14:54,981 [INFO] from play.api.db.DefaultDBApi in application-akka.actor.default-dispatcher-3 - Database [default] connected at jdbc:mysql://209.148.94.217:3306/Gara
2016-06-08 13:14:55,019 [WARN] from application in application-akka.actor.default-dispatcher-3 - application.langs is deprecated, use play.i18n.langs instead
2016-06-08 13:14:55,071 [INFO] from play.api.Play in application-akka.actor.default-dispatcher-3 - Application started (Dev)
2016-06-08 13:14:55,094 [WARN] from application in application-akka.actor.default-dispatcher-9 - application.conf @ file:/C:/Users/ahmedengu/Documents/IdeaProjects/Gara/target/scala-2.11/classes/application.conf: 8: application.secret is deprecated, use play.crypto.secret instead
2016-06-08 13:15:21,662 [INFO] from application in application-akka.actor.default-dispatcher-8 - Shutting down connection pool.
2016-06-08 13:15:21,714 [WARN] from application in application-akka.actor.default-dispatcher-8 - Logger configuration in conf files is deprecated and has no effect. Use a logback configuration file instead.
2016-06-08 13:15:21,776 [WARN] from application in application-akka.actor.default-dispatcher-8 - application.conf @ file:/C:/Users/ahmedengu/Documents/IdeaProjects/Gara/target/scala-2.11/classes/application.conf: 38: user is deprecated, use username instead
2016-06-08 13:15:21,776 [INFO] from application in application-akka.actor.default-dispatcher-8 - Creating Pool for datasource 'default'
2016-06-08 13:15:24,736 [INFO] from play.api.db.DefaultDBApi in application-akka.actor.default-dispatcher-8 - Database [default] connected at jdbc:mysql://209.148.94.217:3306/Gara
2016-06-08 13:15:24,784 [WARN] from application in application-akka.actor.default-dispatcher-8 - application.langs is deprecated, use play.i18n.langs instead
2016-06-08 13:15:24,836 [INFO] from play.api.Play in application-akka.actor.default-dispatcher-8 - Application started (Dev)
2016-06-08 13:15:24,857 [WARN] from application in application-akka.actor.default-dispatcher-8 - application.conf @ file:/C:/Users/ahmedengu/Documents/IdeaProjects/Gara/target/scala-2.11/classes/application.conf: 8: application.secret is deprecated, use play.crypto.secret instead
2016-06-08 13:19:46,719 [INFO] from application in application-akka.actor.default-dispatcher-4 - Shutting down connection pool.
2016-06-08 13:19:46,769 [WARN] from application in application-akka.actor.default-dispatcher-4 - Logger configuration in conf files is deprecated and has no effect. Use a logback configuration file instead.
2016-06-08 13:19:46,810 [WARN] from application in application-akka.actor.default-dispatcher-4 - application.conf @ file:/C:/Users/ahmedengu/Documents/IdeaProjects/Gara/target/scala-2.11/classes/application.conf: 38: user is deprecated, use username instead
2016-06-08 13:19:46,811 [INFO] from application in application-akka.actor.default-dispatcher-4 - Creating Pool for datasource 'default'
2016-06-08 13:19:50,801 [INFO] from play.api.db.DefaultDBApi in application-akka.actor.default-dispatcher-4 - Database [default] connected at jdbc:mysql://209.148.94.217:3306/Gara
2016-06-08 13:19:50,852 [WARN] from application in application-akka.actor.default-dispatcher-4 - application.langs is deprecated, use play.i18n.langs instead
2016-06-08 13:19:50,898 [INFO] from play.api.Play in application-akka.actor.default-dispatcher-4 - Application started (Dev)
2016-06-08 13:19:50,916 [WARN] from application in application-akka.actor.default-dispatcher-2 - application.conf @ file:/C:/Users/ahmedengu/Documents/IdeaProjects/Gara/target/scala-2.11/classes/application.conf: 8: application.secret is deprecated, use play.crypto.secret instead
2016-06-08 13:22:58,803 [INFO] from application in application-akka.actor.default-dispatcher-3 - Shutting down connection pool.
2016-06-08 13:22:58,889 [WARN] from application in application-akka.actor.default-dispatcher-3 - Logger configuration in conf files is deprecated and has no effect. Use a logback configuration file instead.
2016-06-08 13:22:58,954 [WARN] from application in application-akka.actor.default-dispatcher-3 - application.conf @ file:/C:/Users/ahmedengu/Documents/IdeaProjects/Gara/target/scala-2.11/classes/application.conf: 38: user is deprecated, use username instead
2016-06-08 13:22:58,954 [INFO] from application in application-akka.actor.default-dispatcher-3 - Creating Pool for datasource 'default'
2016-06-08 13:23:02,780 [INFO] from play.api.db.DefaultDBApi in application-akka.actor.default-dispatcher-3 - Database [default] connected at jdbc:mysql://209.148.94.217:3306/Gara
2016-06-08 13:23:02,845 [WARN] from application in application-akka.actor.default-dispatcher-3 - application.langs is deprecated, use play.i18n.langs instead
2016-06-08 13:23:02,880 [INFO] from play.api.Play in application-akka.actor.default-dispatcher-3 - Application started (Dev)
2016-06-08 13:23:02,902 [WARN] from application in application-akka.actor.default-dispatcher-2 - application.conf @ file:/C:/Users/ahmedengu/Documents/IdeaProjects/Gara/target/scala-2.11/classes/application.conf: 8: application.secret is deprecated, use play.crypto.secret instead
2016-06-08 13:24:33,673 [INFO] from application in application-akka.actor.default-dispatcher-5 - Shutting down connection pool.
2016-06-08 13:24:33,719 [WARN] from application in application-akka.actor.default-dispatcher-5 - Logger configuration in conf files is deprecated and has no effect. Use a logback configuration file instead.
2016-06-08 13:24:33,779 [WARN] from application in application-akka.actor.default-dispatcher-5 - application.conf @ file:/C:/Users/ahmedengu/Documents/IdeaProjects/Gara/target/scala-2.11/classes/application.conf: 38: user is deprecated, use username instead
2016-06-08 13:24:33,780 [INFO] from application in application-akka.actor.default-dispatcher-5 - Creating Pool for datasource 'default'
2016-06-08 13:24:37,192 [INFO] from play.api.db.DefaultDBApi in application-akka.actor.default-dispatcher-5 - Database [default] connected at jdbc:mysql://209.148.94.217:3306/Gara
2016-06-08 13:24:37,231 [WARN] from application in application-akka.actor.default-dispatcher-5 - application.langs is deprecated, use play.i18n.langs instead
2016-06-08 13:24:37,272 [INFO] from play.api.Play in application-akka.actor.default-dispatcher-5 - Application started (Dev)
2016-06-08 13:24:37,304 [WARN] from application in application-akka.actor.default-dispatcher-7 - application.conf @ file:/C:/Users/ahmedengu/Documents/IdeaProjects/Gara/target/scala-2.11/classes/application.conf: 8: application.secret is deprecated, use play.crypto.secret instead
2016-06-08 13:25:00,743 [INFO] from application in application-akka.actor.default-dispatcher-8 - Shutting down connection pool.
2016-06-08 13:25:02,125 [WARN] from application in application-akka.actor.default-dispatcher-8 - Logger configuration in conf files is deprecated and has no effect. Use a logback configuration file instead.
2016-06-08 13:25:02,176 [WARN] from application in application-akka.actor.default-dispatcher-8 - application.conf @ file:/C:/Users/ahmedengu/Documents/IdeaProjects/Gara/target/scala-2.11/classes/application.conf: 38: user is deprecated, use username instead
2016-06-08 13:25:02,177 [INFO] from application in application-akka.actor.default-dispatcher-8 - Creating Pool for datasource 'default'
2016-06-08 13:25:05,076 [INFO] from play.api.db.DefaultDBApi in application-akka.actor.default-dispatcher-8 - Database [default] connected at jdbc:mysql://209.148.94.217:3306/Gara
2016-06-08 13:25:05,118 [WARN] from application in application-akka.actor.default-dispatcher-8 - application.langs is deprecated, use play.i18n.langs instead
2016-06-08 13:25:05,151 [INFO] from play.api.Play in application-akka.actor.default-dispatcher-8 - Application started (Dev)
2016-06-08 13:25:05,167 [WARN] from application in application-akka.actor.default-dispatcher-8 - application.conf @ file:/C:/Users/ahmedengu/Documents/IdeaProjects/Gara/target/scala-2.11/classes/application.conf: 8: application.secret is deprecated, use play.crypto.secret instead
